Array
(
    [headers] => Requests_Utility_CaseInsensitiveDictionary Object
        (
            [data:protected] => Array
                (
                    [date] => Wed, 09 Nov 2022 03:14:01 GMT
                    [content-length] => 0
                    [cf-ray] => 76736037fe2a6001-SMF
                    [set-cookie] => Array
                        (
                            [0] => __cflb=0H28vgHxwvgAQtjUGUFqYFDiSDreGJnUpBm4jTpWTq7; SameSite=Lax; path=/; expires=Wed, 09-Nov-22 05:44:02 GMT; HttpOnly
                            [1] => __cfruid=0a009905c79234da75eef1047e283a9d20108d61-1667963641; path=/; domain=.api.cloudflare.com; HttpOnly; Secure; SameSite=None
                        )

                    [cf-cache-status] => DYNAMIC
                    [x-envoy-upstream-service-time] => 6
                    [vary] => Accept-Encoding
                    [server] => cloudflare
                )

        )

    [body] => 
    [response] => Array
        (
            [code] => 405
            [message] => Method Not Allowed
        )

    [cookies] => Array
        (
            [0] => WP_Http_Cookie Object
                (
                    [name] => __cflb
                    [value] => 0H28vgHxwvgAQtjUGUFqYFDiSDreGJnUpBm4jTpWTq7
                    [expires] => 1667972642
                    [path] => /
                    [domain] => api.cloudflare.com
                    [port] => 
                    [host_only] => 1
                )

            [1] => WP_Http_Cookie Object
                (
                    [name] => __cfruid
                    [value] => 0a009905c79234da75eef1047e283a9d20108d61-1667963641
                    [expires] => 
                    [path] => /
                    [domain] => api.cloudflare.com
                    [port] => 
                    [host_only] => 
                )

        )

    [filename] => 
    [http_response] => WP_HTTP_Requests_Response Object
        (
            [response:protected] => Requests_Response Object
                (
                    [body] => 
                    [raw] => HTTP/1.1 405 Method Not Allowed
Date: Wed, 09 Nov 2022 03:14:01 GMT
Content-Length: 0
Connection: close
CF-Ray: 76736037fe2a6001-SMF
Set-Cookie: __cflb=0H28vgHxwvgAQtjUGUFqYFDiSDreGJnUpBm4jTpWTq7; SameSite=Lax; path=/; expires=Wed, 09-Nov-22 05:44:02 GMT; HttpOnly
CF-Cache-Status: DYNAMIC
x-envoy-upstream-service-time: 6
Vary: Accept-Encoding
Set-Cookie: __cfruid=0a009905c79234da75eef1047e283a9d20108d61-1667963641; path=/; domain=.api.cloudflare.com; HttpOnly; Secure; SameSite=None
Server: cloudflare


                    [headers] => Requests_Response_Headers Object
                        (
                            [data:protected] => Array
                                (
                                    [date] => Array
                                        (
                                            [0] => Wed, 09 Nov 2022 03:14:01 GMT
                                        )

                                    [content-length] => Array
                                        (
                                            [0] => 0
                                        )

                                    [cf-ray] => Array
                                        (
                                            [0] => 76736037fe2a6001-SMF
                                        )

                                    [set-cookie] => Array
                                        (
                                            [0] => __cflb=0H28vgHxwvgAQtjUGUFqYFDiSDreGJnUpBm4jTpWTq7; SameSite=Lax; path=/; expires=Wed, 09-Nov-22 05:44:02 GMT; HttpOnly
                                            [1] => __cfruid=0a009905c79234da75eef1047e283a9d20108d61-1667963641; path=/; domain=.api.cloudflare.com; HttpOnly; Secure; SameSite=None
                                        )

                                    [cf-cache-status] => Array
                                        (
                                            [0] => DYNAMIC
                                        )

                                    [x-envoy-upstream-service-time] => Array
                                        (
                                            [0] => 6
                                        )

                                    [vary] => Array
                                        (
                                            [0] => Accept-Encoding
                                        )

                                    [server] => Array
                                        (
                                            [0] => cloudflare
                                        )

                                )

                        )

                    [status_code] => 405
                    [protocol_version] => 1.1
                    [success] => 
                    [redirects] => 0
                    [url] => https://api.cloudflare.com/client/v4/accounts/5c63240b3aa78582ec4d26feb05a28d7/stream/live_inputs/
                    [history] => Array
                        (
                        )

                    [cookies] => Requests_Cookie_Jar Object
                        (
                            [cookies:protected] => Array
                                (
                                    [__cflb] => Requests_Cookie Object
                                        (
                                            [name] => __cflb
                                            [value] => 0H28vgHxwvgAQtjUGUFqYFDiSDreGJnUpBm4jTpWTq7
                                            [attributes] => Requests_Utility_CaseInsensitiveDictionary Object
                                                (
                                                    [data:protected] => Array
                                                        (
                                                            [samesite] => Lax
                                                            [path] => /
                                                            [expires] => 1667972642
                                                            [httponly] => 1
                                                            [domain] => api.cloudflare.com
                                                        )

                                                )

                                            [flags] => Array
                                                (
                                                    [creation] => 1667963642
                                                    [last-access] => 1667963642
                                                    [persistent] => 
                                                    [host-only] => 1
                                                )

                                            [reference_time] => 1667963642
                                        )

                                    [__cfruid] => Requests_Cookie Object
                                        (
                                            [name] => __cfruid
                                            [value] => 0a009905c79234da75eef1047e283a9d20108d61-1667963641
                                            [attributes] => Requests_Utility_CaseInsensitiveDictionary Object
                                                (
                                                    [data:protected] => Array
                                                        (
                                                            [path] => /
                                                            [domain] => api.cloudflare.com
                                                            [httponly] => 1
                                                            [secure] => 1
                                                            [samesite] => None
                                                        )

                                                )

                                            [flags] => Array
                                                (
                                                    [creation] => 1667963642
                                                    [last-access] => 1667963642
                                                    [persistent] => 
                                                    [host-only] => 
                                                )

                                            [reference_time] => 1667963642
                                        )

                                )

                        )

                )

            [filename:protected] => 
            [data] => 
            [headers] => 
            [status] => 
        )

)

